c:\users\laptop\desktop\zut\programowanie\programsemestralny\programsemestralny\debug\vc143.pdb
c:\users\laptop\desktop\zut\programowanie\programsemestralny\programsemestralny\debug\vc143.idb
c:\users\laptop\desktop\zut\programowanie\programsemestralny\programsemestralny\debug\programsemestralny.obj
c:\users\laptop\desktop\zut\programowanie\programsemestralny\programsemestralny\debug\liczby.obj
c:\users\laptop\desktop\zut\programowanie\programsemestralny\programsemestralny\debug\files.obj
c:\users\laptop\desktop\zut\programowanie\programsemestralny\programsemestralny\debug\alfabet.obj
c:\users\laptop\desktop\zut\programowanie\programsemestralny\programsemestralny\debug\dni.obj
c:\users\laptop\desktop\zut\programowanie\programsemestralny\programsemestralny\debug\zwierzeta.obj
c:\users\laptop\desktop\zut\programowanie\programsemestralny\programsemestralny\debug\zakonczenie_dzialu.obj
c:\users\laptop\desktop\zut\programowanie\programsemestralny\programsemestralny\debug\miesiace.obj
c:\users\laptop\desktop\zut\programowanie\programsemestralny\programsemestralny\debug\kolory.obj
c:\users\laptop\desktop\zut\programowanie\programsemestralny\programsemestralny\debug\animals.obj
c:\users\laptop\desktop\zut\programowanie\programsemestralny\debug\programsemestralny.exe
c:\users\laptop\desktop\zut\programowanie\programsemestralny\programsemestralny\debug\programsemestralny.ilk
c:\users\laptop\desktop\zut\programowanie\programsemestralny\debug\programsemestralny.pdb
c:\users\laptop\desktop\zut\programowanie\programsemestralny\programsemestralny\debug\liczby.obj.enc
c:\users\laptop\desktop\zut\programowanie\programsemestralny\programsemestralny\debug\programs.d2732fec.tlog\cl.command.1.tlog
c:\users\laptop\desktop\zut\programowanie\programsemestralny\programsemestralny\debug\programs.d2732fec.tlog\cl.read.1.tlog
c:\users\laptop\desktop\zut\programowanie\programsemestralny\programsemestralny\debug\programs.d2732fec.tlog\cl.write.1.tlog
c:\users\laptop\desktop\zut\programowanie\programsemestralny\programsemestralny\debug\programs.d2732fec.tlog\link.command.1.tlog
c:\users\laptop\desktop\zut\programowanie\programsemestralny\programsemestralny\debug\programs.d2732fec.tlog\link.read.1.tlog
c:\users\laptop\desktop\zut\programowanie\programsemestralny\programsemestralny\debug\programs.d2732fec.tlog\link.write.1.tlog
